c:\users\esteban\documents\github\planificadores\planificacion\planificacion\debug\planificacion.pch
c:\users\esteban\documents\github\planificadores\planificacion\planificacion\debug\vc140.pdb
c:\users\esteban\documents\github\planificadores\planificacion\planificacion\debug\vc140.idb
c:\users\esteban\documents\github\planificadores\planificacion\planificacion\debug\stdafx.obj
c:\users\esteban\documents\github\planificadores\planificacion\planificacion\debug\aesquema.obj
c:\users\esteban\documents\github\planificadores\planificacion\planificacion\debug\aproceso.obj
c:\users\esteban\documents\github\planificadores\planificacion\planificacion\debug\planificacion.obj
c:\users\esteban\documents\github\planificadores\planificacion\planificacion\debug\proceso.obj
c:\users\esteban\documents\github\planificadores\planificacion\planificacion\debug\procesorr.obj
c:\users\esteban\documents\github\planificadores\planificacion\planificacion\debug\roundrobin.obj
c:\users\felipe\documents\github\planificadores\planificacion\planificacion\debug\aesquema.obj
c:\users\felipe\documents\github\planificadores\planificacion\planificacion\debug\aproceso.obj
c:\users\felipe\documents\github\planificadores\planificacion\planificacion\debug\planificacion.obj
c:\users\felipe\documents\github\planificadores\planificacion\planificacion\debug\proceso.obj
c:\users\felipe\documents\github\planificadores\planificacion\planificacion\debug\procesorr.obj
c:\users\felipe\documents\github\planificadores\planificacion\planificacion\debug\roundrobin.obj
c:\users\felipe\documents\github\planificadores\planificacion\planificacion\debug\stdafx.obj
c:\users\felipe\documents\github\planificadores\planificacion\planificacion\debug\planificacion.pch
c:\users\felipe\documents\github\planificadores\planificacion\planificacion\debug\vc140.idb
c:\users\felipe\documents\github\planificadores\planificacion\planificacion\debug\vc140.pdb
c:\users\felipe\documents\github\planificadores\planificacion\planificacion\debug\planificacion.tlog\cl.command.1.tlog
c:\users\felipe\documents\github\planificadores\planificacion\planificacion\debug\planificacion.tlog\cl.read.1.tlog
c:\users\felipe\documents\github\planificadores\planificacion\planificacion\debug\planificacion.tlog\cl.write.1.tlog
